2024-09-30 20:46:25.529461
	File name  = test.png
	Location   = /home/aditdp_/git/gmt_pyplotter/src/gmt_pyplotter
 	Coordinate = [107.0, 108.0, -7.0, -6.0]
	Layers     = {'Layer 1': {'Type': 'earth relief', 'Shading': 'Yes', 'Cpt': 'earth', 'Resolution': '1 second', 'Sea mask': True, 'Color bar': 'Right', 'script': '\tgmt grd2cpt /home/aditdp_/git/gmt_pyplotter/src/gmt_pyplotter/test_grdclip.nc -Cearth -Z\n\tgmt grdimage /home/aditdp_/git/gmt_pyplotter/src/gmt_pyplotter/test_grdclip.nc -I+d -Cearth -Ve\n\tgmt colorbar -DJMR+o1c/50%+w50% -Bx500+lElevation -By+lMeters\n'}}
2024-09-30 20:43:10.711570
	File name  = test.png
	Location   = /home/aditdp_/git/gmt_pyplotter/src/gmt_pyplotter
 	Coordinate = [120.0, 121.0, -7.0, -6.0]
	Layers     = {'Layer 1': {'Type': 'earth relief', 'Shading': 'Yes', 'Cpt': 'earth', 'Resolution': '15 second', 'Sea mask': True, 'Color bar': 'Right', 'script': '\tgmt grd2cpt /home/aditdp_/git/gmt_pyplotter/src/gmt_pyplotter/test_grdclip.nc -Cearth -Z\n\tgmt grdimage /home/aditdp_/git/gmt_pyplotter/src/gmt_pyplotter/test_grdclip.nc -I+d -Cearth -Ve\n\tgmt colorbar -DJMR+o1c/50%+w50% -Bx100+lElevation -By+lMeters\n'}}
2024-09-30 11:36:28.733092
	File name  = legend.png
	Location   = /home/aditdp_/git/gmt_pyplotter/src/gmt_pyplotter
 	Coordinate = [120.0, 125.0, -9.0, -4.0]
	Layers     = {'Layer 1': {'Type': 'coast', 'Land color': 'seagreen2', 'Sea color': 'lightcyan', 'script': '\tgmt coast -Slightcyan  -EID+gseagreen2 -Glightsteelblue2 -TdjTR+l,,,N+o0.5c -Ve\n'}, 'Layer 2': {'Type': 'earthquake', 'Source': 'USGS', 'Depth': '0-1000 km', 'Magnitude': '0-10', 'Date start': '2019-01-01', 'Date end': '2021-12-31', 'nDay': '1095', 'script': '\tgmt makecpt -Cred,green,blue -T0,70,150,10000 -N\n\tgawk -F "," \'{ print $3,$2,$4,$5*$5*0.01}\' /home/aditdp_/git/gmt_pyplotter/src/gmt_pyplotter/legend_USGS-catalog.txt| gmt plot -C -Scc -hi1 -Wfaint -Ve\n'}}
2024-09-30 06:39:08.718634
	File name  = final.png
	Location   = /home/aditdp_/git/gmt_pyplotter/src/gmt_pyplotter/experiment
 	Coordinate = [120.0, 125.0, -9.0, -4.0]
	Layers     = {'Layer 1': {'Type': 'coast', 'Land color': 'seagreen2', 'Sea color': 'lightcyan', 'script': '\tgmt coast -Slightcyan  -EID+gseagreen2 -Glightsteelblue2 -TdjTR+l,,,N+o0.5c -Ve\n'}}
2024-09-30 06:28:33.953589
	File name  = final.png
	Location   = /home/aditdp_/git/gmt_pyplotter/src/gmt_pyplotter
 	Coordinate = [120.0, 125.0, -9.0, -4.0]
	Layers     = {'Layer 1': {'Type': 'coast', 'Land color': 'seagreen2', 'Sea color': 'lightcyan', 'script': '\tgmt coast -Slightcyan  -EID+gseagreen2 -Glightsteelblue2 -TdjTR+l,,,N+o0.5c -Ve\n'}}
2024-09-30 06:24:59.683403
	File name  = finalize.png
	Location   = /home/aditdp_/git/gmt_pyplotter/src/gmt_pyplotter
 	Coordinate = [120.0, 125.0, -9.0, -4.0]
	Layers     = {'Layer 1': {'Type': 'coast', 'Land color': 'seagreen2', 'Sea color': 'lightcyan', 'script': '\tgmt coast -Slightcyan  -EID+gseagreen2 -Glightsteelblue2 -TdjTR+l,,,N+o0.5c -Ve\n'}}
2024-09-30 06:22:25.513403
	File name  = finalize.png
	Location   = /home/aditdp_/git/gmt_pyplotter/src/gmt_pyplotter
 	Coordinate = [120.0, 125.0, -9.0, -4.0]
	Layers     = {'Layer 1': {'Type': 'coast', 'Land color': 'seagreen2', 'Sea color': 'lightcyan', 'script': '\tgmt coast -Slightcyan  -EID+gseagreen2 -Glightsteelblue2 -TdjTR+l,,,N+o0.5c -Ve\n'}}
2024-09-30 05:53:58.081005
	File name  = aceh.png
	Location   = /home/aditdp_/git/gmt_pyplotter/src/gmt_pyplotter/experiment
 	Coordinate = [96.0, 97.0, 4.0, 5.0]
	Layers     = {'Layer 1': {'Type': 'contour', 'Interval': 25.0, 'Resolution': '15s', 'script': '\tgmt grdcontour @earth_relief_15s -A100.0+ap+u\\ m -C25.0 -Wathin,gray50 -Wcfaint,gray90 -LP -Ve\n'}}
2024-09-28 11:04:27.778962
	File name  = kontur.png
	Location   = /home/aditdp_/git/gmt_pyplotter/src/gmt_pyplotter/experiment
 	Coordinate = [120.0, 125.0, -9.0, -4.0]
	Layers     = {}
2024-09-28 10:15:30.492726
	File name  = coba_spasi.png
	Location   = /home/aditdp_/git/gmt_pyplotter/src/gmt_pyplotter
 	Coordinate = [120.0, 125.0, -9.0, -4.0]
	Layers     = {'Layer 1': {'Type': 'coast', 'Land color': 'seagreen2', 'Sea color': 'lightcyan', 'script': '\tgmt coast -Slightcyan  -EID+gseagreen2 -Glightsteelblue2 -TdjTR+l,,,N+o0.5c -Ve\n'}, 'Layer 2': {'Type': 'focmech', 'Source': 'Global CMT', 'Depth': '0-1000 km', 'Magnitude': '0-10', 'Date start': '2010-01-01', 'Date end': '2021-12-31', 'nDay': '4382', 'script': '\tgmt makecpt -Cred,green,blue -T0,70,150,10000 -N -Ve\n\tgmt meca /home/aditdp_/git/gmt_pyplotter/src/gmt_pyplotter/coba_spasi_gcmt.txt -Sd0.4c+f0 -C -W0.1p,gray50 -Ve\n'}}
2024-09-28 10:05:14.677373
	File name  = .png
	Location   = /home/aditdp_/git/gmt_pyplotter/src/gmt_pyplotter/experiment
 	Coordinate = [120.0, 125.0, -9.0, -4.0]
	Layers     = {'Layer 1': {'Type': 'coast', 'Land color': 'seagreen2', 'Sea color': 'lightcyan', 'script': '\tgmt coast -Slightcyan  -EID+gseagreen2 -Glightsteelblue2 -TdjTR+l,,,N+o0.5c -Ve\n'}}
2024-09-26 19:07:24.448366
	File name  = coba.png
	Location   = /home/aditdp_/git/gmt_pyplotter/src/gmt_pyplotter
 	Coordinate = [120.0, 125.0, -9.0, -4.0]
	Layers     = {}
2024-09-26 14:16:43.572498
	File name  = coba_peta.png
	Location   = /home/aditdp_/download
 	Coordinate = [120.0, 125.0, -10.0, -6.0]
	Layers     = {'Layer 1': {'Type': 'coast', 'Land color': 'SEAGREEN2', 'Sea color': 'BLUE', 'script': '\tgmt coast -SBLUE  -EID+gSEAGREEN2 -Glightsteelblue2 -TdjTR+l,,,N+o0.5c -Ve\n'}}
2024-09-25 00:21:45.761681
	File name  = loging_coba.png
	Location   = /home/aditdp_/git/gmt_pyplotter/src/gmt_pyplotter
 	Coordinate = [114.0, 117.0, -9.0, -6.0]
	Layers     = {'Layer 1': {'Type': 'coast', 'Land color': 'seagreen2', 'Sea color': 'lightcyan', 'script': '\tgmt coast -Slightcyan  -EID+gseagreen2 -Glightsteelblue2 -TdjTR+l,,,N+o0.5c \n'}, 'Layer 2': {'Type': 'contour', 'Interval': '100', 'Interval2': '25', 'script': '\tgmt grdcontour @earth_relief_15s -A100 -C25 -Wathin,gray50 -Wcfaint,gray90 -TdjTL+l,,,N \n'}}












